\BOOKMARK [0][-]{part.1}{\376\377\0001\000\040\000K\000o\000m\000m\000u\000n\000i\000k\000a\000t\000i\000o\000n\000s\000p\000r\000\374\000f\000u\000n\000g}{}% 1
\BOOKMARK [1][-]{section.1}{\376\377\000U\000n\000i\000t\000e\000d\000\040\000K\000i\000n\000g\000d\000o\000m}{part.1}% 2
\BOOKMARK [2][-]{subsection.1.1}{\376\377\000E\000m\000p\000i\000r\000e\000\040\000a\000n\000d\000\040\000C\000o\000m\000m\000o\000n\000w\000e\000a\000l\000t\000h}{section.1}% 3
\BOOKMARK [2][-]{subsection.1.2}{\376\377\000I\000m\000m\000i\000g\000r\000a\000t\000i\000o\000n}{section.1}% 4
\BOOKMARK [2][-]{subsection.1.3}{\376\377\000G\000l\000o\000b\000a\000l\000\040\000r\000o\000l\000e\000:\000\040\000E\000U\000\040\000a\000n\000d\000\040\000B\000r\000e\000x\000i\000t}{section.1}% 5
\BOOKMARK [1][-]{section.2}{\376\377\000I\000n\000d\000i\000a}{part.1}% 6
\BOOKMARK [2][-]{subsection.2.1}{\376\377\000P\000a\000r\000t\000i\000t\000i\000o\000n\000\040\000o\000f\000\040\000B\000r\000i\000t\000i\000s\000h\000\040\000I\000n\000d\000i\000a}{section.2}% 7
\BOOKMARK [2][-]{subsection.2.2}{\376\377\000P\000o\000v\000e\000r\000t\000y}{section.2}% 8
\BOOKMARK [2][-]{subsection.2.3}{\376\377\000L\000a\000n\000g\000u\000a\000g\000e}{section.2}% 9
\BOOKMARK [2][-]{subsection.2.4}{\376\377\000T\000e\000c\000h\000n\000o\000l\000o\000g\000y\000\040\000v\000s\000.\000\040\000B\000a\000c\000k\000w\000a\000r\000d\000s\000n\000e\000s\000s}{section.2}% 10
\BOOKMARK [1][-]{section.3}{\376\377\000G\000l\000o\000b\000a\000l\000i\000z\000a\000t\000i\000o\000n}{part.1}% 11
\BOOKMARK [2][-]{subsection.3.1}{\376\377\000S\000o\000c\000i\000a\000l\000\040\000a\000s\000p\000e\000c\000t\000s}{section.3}% 12
\BOOKMARK [2][-]{subsection.3.2}{\376\377\000P\000o\000l\000i\000t\000i\000c\000a\000l\000\040\000a\000s\000p\000e\000c\000t\000s}{section.3}% 13
\BOOKMARK [2][-]{subsection.3.3}{\376\377\000E\000c\000o\000n\000o\000m\000i\000c\000\040\000a\000s\000p\000e\000c\000t\000s}{section.3}% 14
\BOOKMARK [1][-]{section.4}{\376\377\000U\000n\000i\000t\000e\000d\000\040\000S\000t\000a\000t\000e\000s\000\040\000o\000f\000\040\000A\000m\000e\000r\000i\000c\000a}{part.1}% 15
\BOOKMARK [2][-]{subsection.4.1}{\376\377\000H\000i\000s\000t\000o\000r\000y}{section.4}% 16
\BOOKMARK [2][-]{subsection.4.2}{\376\377\000C\000o\000n\000s\000t\000i\000t\000u\000t\000i\000o\000n}{section.4}% 17
\BOOKMARK [2][-]{subsection.4.3}{\376\377\000V\000a\000l\000u\000e\000s}{section.4}% 18
\BOOKMARK [2][-]{subsection.4.4}{\376\377\000I\000m\000m\000i\000g\000r\000a\000t\000i\000o\000n}{section.4}% 19
\BOOKMARK [2][-]{subsection.4.5}{\376\377\000A\000m\000e\000r\000i\000c\000a\000n\000\040\000d\000r\000e\000a\000m}{section.4}% 20
\BOOKMARK [2][-]{subsection.4.6}{\376\377\000R\000a\000c\000i\000a\000l\000\040\000i\000s\000s\000u\000e\000s}{section.4}% 21
\BOOKMARK [2][-]{subsection.4.7}{\376\377\000G\000u\000n\000\040\000l\000a\000w\000s}{section.4}% 22
\BOOKMARK [1][-]{section.5}{\376\377\000M\000o\000d\000e\000r\000n\000\040\000M\000e\000d\000i\000a}{part.1}% 23
\BOOKMARK [2][-]{subsection.5.1}{\376\377\000M\000o\000d\000e\000r\000n\000\040\000d\000i\000g\000i\000t\000a\000l\000\040\000m\000e\000d\000i\000a}{section.5}% 24
\BOOKMARK [2][-]{subsection.5.2}{\376\377\000W\000e\000b\000\040\0002\000.\0000\000:\000\040\000o\000p\000p\000o\000r\000t\000u\000n\000i\000t\000i\000e\000s\000\040\000a\000n\000d\000\040\000c\000h\000a\000l\000l\000e\000n\000g\000e\000s}{section.5}% 25
\BOOKMARK [2][-]{subsection.5.3}{\376\377\000E\000n\000g\000l\000i\000s\000h\000\040\000a\000s\000\040\000a\000\040\000g\000l\000o\000b\000a\000l\000\040\000l\000a\000n\000g\000u\000a\000g\000e}{section.5}% 26
\BOOKMARK [1][-]{section.6}{\376\377\000C\000r\000o\000o\000k\000e\000d\000\040\000L\000e\000t\000t\000e\000r\000,\000\040\000C\000r\000o\000o\000k\000e\000d\000\040\000L\000e\000t\000t\000e\000r}{part.1}% 27
\BOOKMARK [2][-]{subsection.6.1}{\376\377\000A\000m\000b\000i\000g\000u\000i\000t\000y\000\040\000o\000f\000\040\000b\000e\000l\000o\000n\000g\000i\000n\000g}{section.6}% 28
